{
  "RSpec": {
    "coverage": {
      "/home/aaron/Dropbox/Projects/passwordgenerator/spec/password_spec.rb": [
        1,
        null,
        1,
        8,
        1,
        1,
        null,
        null,
        1,
        1,
        null,
        null,
        1,
        1,
        null,
        null,
        1,
        1,
        null,
        null,
        1,
        1,
        null,
        null,
        1,
        1,
        null,
        null,
        1,
        2,
        null,
        null
      ],
      "/home/aaron/Dropbox/Projects/passwordgenerator/lib/passwordgenerator.rb": [
        1,
        null,
        1,
        6,
        5,
        5,
        5,
        20,
        20,
        20,
        20,
        20,
        null,
        5,
        null,
        null,
        1,
        null,
        1,
        20,
        null,
        null,
        1,
        20,
        null,
        null,
        1,
        20,
        null,
        null,
        1,
        20,
        null,
        null,
        null
      ]
    },
    "timestamp": 1506872830
  }
}
